<?xml version="1.0" encoding="UTF-8"?>
<!-- Generated by org.testng.reporters.JUnitReportReporter -->
<testsuite hostname="DESKTOP-JCJ8HOK" failures="0" tests="2" name="suites.PortfolioManagement" time="0.054" errors="0" timestamp="18 Nov 2021 04:05:33 GMT" skipped="0">
  <testcase classname="suites.PortfolioManagement" name="deletePortfolio" time="0.044"/>
  <testcase classname="suites.PortfolioManagement" name="createPortfolio" time="0.010"/>
</testsuite> <!-- suites.PortfolioManagement -->
