<?xml version="1.0" encoding="UTF-8"?>
<!-- Generated by org.testng.reporters.JUnitReportReporter -->
<testsuite hostname="DESKTOP-JCJ8HOK" failures="0" tests="2" name="suites.Sessions" time="0.034" errors="0" timestamp="10 Nov 2021 04:39:10 GMT" skipped="0">
  <testcase classname="suites.Sessions" name="login" time="0.008"/>
  <testcase classname="suites.Sessions" name="login" time="0.026"/>
</testsuite> <!-- suites.Sessions -->
