<?xml version="1.0" encoding="UTF-8"?>
<!-- Generated by org.testng.reporters.JUnitReportReporter -->
<testsuite hostname="DESKTOP-JCJ8HOK" failures="0" tests="2" name="suites.Sessions" time="15.642" errors="0" timestamp="24 Nov 2021 04:35:14 GMT" skipped="0">
  <testcase classname="suites.Sessions" name="login" time="8.602"/>
  <testcase classname="suites.Sessions" name="login" time="7.040"/>
</testsuite> <!-- suites.Sessions -->
