<?xml version="1.0" encoding="UTF-8"?>
<!-- Generated by org.testng.reporters.JUnitReportReporter -->
<testsuite hostname="DESKTOP-JCJ8HOK" failures="0" tests="2" name="suites.PortfolioManagement" time="0.000" errors="0" timestamp="02 Dec 2021 04:56:52 GMT" skipped="2">
  <testcase classname="suites.PortfolioManagement" name="createPortfolio" time="0.000">
    <skipped/>
  </testcase> <!-- createPortfolio -->
  <testcase classname="suites.PortfolioManagement" name="deletePortfolio" time="0.000">
    <skipped/>
  </testcase> <!-- deletePortfolio -->
</testsuite> <!-- suites.PortfolioManagement -->
