<?xml version="1.0" encoding="UTF-8"?>
<!-- Generated by org.testng.reporters.JUnitReportReporter -->
<testsuite hostname="DESKTOP-JCJ8HOK" failures="0" tests="2" name="suites.Sessions" time="0.028" errors="0" timestamp="19 Nov 2021 04:31:14 GMT" skipped="0">
  <testcase classname="suites.Sessions" name="login" time="0.018"/>
  <testcase classname="suites.Sessions" name="login" time="0.010"/>
</testsuite> <!-- suites.Sessions -->
