<?xml version="1.0" encoding="UTF-8"?>
<!-- Generated by org.testng.reporters.JUnitReportReporter -->
<testsuite hostname="DESKTOP-JCJ8HOK" failures="0" tests="2" name="suites.PortfolioManagement" time="0.024" errors="0" timestamp="19 Nov 2021 04:31:14 GMT" skipped="0">
  <testcase classname="suites.PortfolioManagement" name="createPortfolio" time="0.007"/>
  <testcase classname="suites.PortfolioManagement" name="deletePortfolio" time="0.017"/>
</testsuite> <!-- suites.PortfolioManagement -->
