<?xml version="1.0" encoding="UTF-8"?>
<!-- Generated by org.testng.reporters.JUnitReportReporter -->
<testsuite hostname="DESKTOP-JCJ8HOK" failures="0" tests="1" name="suites.PortfolioManagement" time="0.000" errors="0" timestamp="08 Dec 2021 04:28:20 GMT" skipped="1">
  <testcase classname="suites.PortfolioManagement" name="createPortfolio" time="0.000">
    <skipped/>
  </testcase> <!-- createPortfolio -->
</testsuite> <!-- suites.PortfolioManagement -->
