<?xml version="1.0" encoding="UTF-8"?>
<!-- Generated by org.testng.reporters.JUnitReportReporter -->
<testsuite hostname="DESKTOP-JCJ8HOK" failures="0" tests="1" name="switches.AlertHandling" time="14.918" errors="0" timestamp="02 Nov 2021 04:19:25 GMT" skipped="0">
  <testcase classname="switches.AlertHandling" name="f" time="14.918"/>
</testsuite> <!-- switches.AlertHandling -->
