<?xml version="1.0" encoding="UTF-8"?>
<!-- Generated by org.testng.reporters.JUnitReportReporter -->
<testsuite hostname="DESKTOP-JCJ8HOK" failures="0" tests="1" name="suiteA.TestA2" time="4.020" errors="0" timestamp="2021-10-17T10:06:36 IST" skipped="0">
  <testcase classname="suiteA.TestA2" name="f" time="4.020"/>
  <system-out/>
</testsuite> <!-- suiteA.TestA2 -->
