<?xml version="1.0" encoding="UTF-8"?>
<!-- Generated by org.testng.reporters.JUnitReportReporter -->
<testsuite hostname="DESKTOP-JCJ8HOK" failures="0" tests="1" name="com.project.TNG_003" time="31.364" errors="0" timestamp="2021-10-16T09:54:22 IST" skipped="0">
  <testcase classname="com.project.TNG_003" name="f" time="31.364"/>
  <system-out/>
</testsuite> <!-- com.project.TNG_003 -->
