<?xml version="1.0" encoding="UTF-8"?>
<!-- Generated by org.testng.reporters.JUnitReportReporter -->
<testsuite hostname="DESKTOP-JCJ8HOK" failures="0" tests="7" name="actions.MouseOperations" time="27.825" errors="0" timestamp="08 Nov 2021 04:26:51 GMT" skipped="5">
  <testcase classname="actions.MouseOperations" name="slider" time="11.135"/>
  <testcase classname="actions.MouseOperations" name="autoSuggestion" time="16.690"/>
  <testcase classname="actions.MouseOperations" name="dragAnddrop">
    <skipped/>
  </testcase> <!-- dragAnddrop -->
  <testcase classname="actions.MouseOperations" name="MoveToelement">
    <skipped/>
  </testcase> <!-- MoveToelement -->
  <testcase classname="actions.MouseOperations" name="resizeMethod">
    <skipped/>
  </testcase> <!-- resizeMethod -->
  <testcase classname="actions.MouseOperations" name="Browserslider">
    <skipped/>
  </testcase> <!-- Browserslider -->
  <testcase classname="actions.MouseOperations" name="rightClickMethod">
    <skipped/>
  </testcase> <!-- rightClickMethod -->
</testsuite> <!-- actions.MouseOperations -->
