<?xml version="1.0" encoding="UTF-8"?>
<!-- Generated by org.testng.reporters.JUnitReportReporter -->
<testsuite hostname="DESKTOP-JCJ8HOK" failures="0" tests="1" name="com.project.CheckBox1" time="12.350" errors="0" timestamp="2021-10-17T10:22:02 IST" skipped="0">
  <testcase classname="com.project.CheckBox1" name="checkboxTest" time="12.350"/>
  <system-out/>
</testsuite> <!-- com.project.CheckBox1 -->
