<?xml version="1.0" encoding="UTF-8"?>
<!-- Generated by org.testng.reporters.JUnitReportReporter -->
<testsuite hostname="DESKTOP-JCJ8HOK" failures="0" tests="1" name="pageobjectModel.POM_001" time="22.524" errors="0" timestamp="25 Oct 2021 04:37:47 GMT" skipped="0">
  <testcase classname="pageobjectModel.POM_001" name="f" time="22.524"/>
</testsuite> <!-- pageobjectModel.POM_001 -->
